Build started 28/02/2015 14:37:57.
     1>Project "C:\Projects\wsprcan\wsprd\wsprd\wsprd.vcxproj" on node 2 (Rebuild target(s)).
     1>ClCompile:
         C:\Program Files (x86)\Microsoft Visual Studio 11.0\VC\bin\CL.exe /c /Zi /nologo /W1 /WX- /O2 /Oi /Oy- /GL /D WIN32 /D NDEBUG /D _CONSOLE /D _MBCS /Gm- /EHsc /MD /GS /Gy /fp:precise /Zc:wchar_t /Zc:forScope /Fo"Release\\" /Fd"Release\vc110.pdb" /Gd /TP /analyze- /errorReport:prompt fano.cpp mettab.cpp nhash.cpp tab.cpp wsprd.cpp
         fano.cpp
         mettab.cpp
         nhash.cpp
         tab.cpp
         wsprd.cpp
       Link:
         C:\Program Files (x86)\Microsoft Visual Studio 11.0\VC\bin\link.exe /ERRORREPORT:PROMPT /OUT:"C:\Projects\wsprcan\wsprd\Release\wsprd.exe" /INCREMENTAL:NO /NOLOGO kernel32.lib user32.lib gdi32.lib winspool.lib comdlg32.lib advapi32.lib shell32.lib ole32.lib oleaut32.lib uuid.lib odbc32.lib odbccp32.lib kernel32.lib user32.lib gdi32.lib winspool.lib comdlg32.lib advapi32.lib shell32.lib ole32.lib oleaut32.lib uuid.lib odbc32.lib odbccp32.lib /MANIFEST /MANIFESTUAC:"level='asInvoker' uiAccess='false'" /manifest:embed /DEBUG /PDB:"C:\Projects\wsprcan\wsprd\Release\wsprd.pdb" /SUBSYSTEM:CONSOLE /OPT:REF /OPT:ICF /LTCG /TLBID:1 /DYNAMICBASE /NXCOMPAT /IMPLIB:"C:\Projects\wsprcan\wsprd\Release\wsprd.lib" /MACHINE:X86 /SAFESEH Release\fano.obj
         Release\mettab.obj
         Release\nhash.obj
         Release\tab.obj
         Release\wsprd.obj
         "..\converted_libs\libfftw3\libfftw3-3.lib"
         "..\converted_libs\libsndfile\libsndfile-1.lib"
         wsprd.res
         Generating code
         Finished generating code
         wsprd.vcxproj -> C:\Projects\wsprcan\wsprd\Release\wsprd.exe
     1>Done Building Project "C:\Projects\wsprcan\wsprd\wsprd\wsprd.vcxproj" (Rebuild target(s)).

Build succeeded.

Time Elapsed 00:00:02.10
